sys_logger--2018-12-12 22:56:53,722:INFO 	[system start]
sys_logger--2018-12-12 22:56:53,909:INFO 	[system start]
sys_logger--2018-12-12 22:57:02,282:INFO 	[system halt]
sys_logger--2018-12-12 23:06:27,087:INFO 	[system start]
sys_logger--2018-12-12 23:06:27,270:INFO 	[system start]
sys_logger--2018-12-12 23:06:41,419:INFO 	[ting registered as new user, admin=0]
sys_logger--2018-12-12 23:06:50,290:INFO 	[test deleted from the system]
sys_logger--2018-12-12 23:07:55,225:WARNING 	[abcde registered under admintools/nologin ! admin=0]
sys_logger--2018-12-12 23:08:09,608:INFO 	[system halt]
sys_logger--2018-12-18 12:56:16,694:INFO 	[system start]
sys_logger--2018-12-18 12:56:16,878:INFO 	[system start]
sys_logger--2018-12-18 13:06:56,372:INFO 	[system halt]
sys_logger--2018-12-18 13:06:56,652:INFO 	[system halt]
sys_logger--2018-12-18 13:13:22,739:INFO 	[system start]
sys_logger--2018-12-18 13:13:22,922:INFO 	[system start]
sys_logger--2018-12-18 13:13:48,150:INFO 	[system halt]
sys_logger--2018-12-18 13:13:48,377:INFO 	[system start]
sys_logger--2018-12-18 13:14:23,704:INFO 	[system halt]
sys_logger--2018-12-18 13:14:23,995:INFO 	[system halt]
sys_logger--2018-12-18 13:14:48,342:INFO 	[system start]
sys_logger--2018-12-18 13:14:48,524:INFO 	[system start]
sys_logger--2018-12-18 13:15:17,814:INFO 	[system halt]
sys_logger--2018-12-18 13:15:18,748:INFO 	[system start]
sys_logger--2018-12-18 13:15:18,935:INFO 	[system start]
sys_logger--2018-12-18 13:16:01,328:INFO 	[system halt]
sys_logger--2018-12-18 13:16:01,600:INFO 	[system halt]
sys_logger--2018-12-18 13:16:10,977:INFO 	[system start]
sys_logger--2018-12-18 13:16:11,171:INFO 	[system start]
sys_logger--2018-12-23 15:05:59,992:INFO 	[system start]
sys_logger--2018-12-23 15:06:00,510:INFO 	[system start]
sys_logger--2018-12-24 23:20:41,623:INFO 	[system start]
sys_logger--2018-12-24 23:20:42,098:INFO 	[system start]
sys_logger--2018-12-24 23:50:43,296:INFO 	[system halt]
sys_logger--2018-12-24 23:50:43,634:INFO 	[system start]
sys_logger--2018-12-25 00:27:08,666:INFO 	[system halt]
sys_logger--2018-12-25 00:27:08,996:INFO 	[system start]
sys_logger--2018-12-25 00:27:10,038:INFO 	[system halt]
sys_logger--2018-12-25 00:27:10,366:INFO 	[system start]
sys_logger--2018-12-25 00:27:48,908:INFO 	[system halt]
sys_logger--2018-12-25 00:27:49,240:INFO 	[system start]
sys_logger--2018-12-25 17:10:57,375:INFO 	[system start]
sys_logger--2018-12-25 17:10:57,833:INFO 	[system start]
sys_logger--2018-12-25 22:41:44,943:INFO 	[system halt]
sys_logger--2018-12-25 22:41:45,373:INFO 	[system start]
sys_logger--2018-12-25 22:41:47,430:INFO 	[system halt]
sys_logger--2018-12-25 22:41:47,775:INFO 	[system start]
sys_logger--2018-12-28 23:45:33,922:INFO 	[system start]
sys_logger--2018-12-28 23:45:34,445:INFO 	[system start]
sys_logger--2018-12-29 00:09:16,891:INFO 	[system halt]
sys_logger--2018-12-29 00:09:17,302:INFO 	[system halt]
sys_logger--2018-12-29 00:21:49,116:INFO 	[system start]
sys_logger--2018-12-29 00:21:49,388:INFO 	[system start]
sys_logger--2018-12-29 00:22:57,376:INFO 	[system halt]
sys_logger--2018-12-29 00:22:57,772:INFO 	[system start]
sys_logger--2018-12-29 00:23:40,398:INFO 	[system halt]
sys_logger--2018-12-29 00:23:40,732:INFO 	[system start]
sys_logger--2018-12-29 00:23:41,776:INFO 	[system halt]
sys_logger--2018-12-29 00:23:42,118:INFO 	[system start]
sys_logger--2018-12-29 00:23:54,292:INFO 	[system halt]
sys_logger--2018-12-29 00:23:54,640:INFO 	[system start]
sys_logger--2018-12-29 00:24:12,940:INFO 	[system halt]
sys_logger--2018-12-29 00:24:13,270:INFO 	[system start]
sys_logger--2018-12-29 00:26:33,771:INFO 	[system halt]
sys_logger--2018-12-29 00:26:34,243:INFO 	[system start]
sys_logger--2018-12-29 00:27:24,723:INFO 	[system start]
sys_logger--2018-12-29 00:27:24,734:ERROR 	[exception error]
sys_logger--2018-12-29 00:27:24,734:ERROR 	[[Errno 98] Address already in use]
sys_logger--2018-12-29 00:27:24,734:INFO 	[system halt]
sys_logger--2018-12-29 00:27:34,842:INFO 	[system start]
sys_logger--2018-12-29 00:27:34,854:ERROR 	[exception error]
sys_logger--2018-12-29 00:27:34,854:ERROR 	[[Errno 98] Address already in use]
sys_logger--2018-12-29 00:27:34,854:INFO 	[system halt]
sys_logger--2018-12-29 00:27:36,566:INFO 	[system start]
sys_logger--2018-12-29 00:27:36,577:ERROR 	[exception error]
sys_logger--2018-12-29 00:27:36,577:ERROR 	[[Errno 98] Address already in use]
sys_logger--2018-12-29 00:27:36,577:INFO 	[system halt]
sys_logger--2018-12-29 00:27:38,214:INFO 	[system start]
sys_logger--2018-12-29 00:27:38,225:ERROR 	[exception error]
sys_logger--2018-12-29 00:27:38,225:ERROR 	[[Errno 98] Address already in use]
sys_logger--2018-12-29 00:27:38,225:INFO 	[system halt]
sys_logger--2018-12-29 00:27:39,549:INFO 	[system start]
sys_logger--2018-12-29 00:27:39,559:ERROR 	[exception error]
sys_logger--2018-12-29 00:27:39,560:ERROR 	[[Errno 98] Address already in use]
sys_logger--2018-12-29 00:27:39,560:INFO 	[system halt]
sys_logger--2018-12-29 00:27:40,642:INFO 	[system start]
sys_logger--2018-12-29 00:27:40,653:ERROR 	[exception error]
sys_logger--2018-12-29 00:27:40,653:ERROR 	[[Errno 98] Address already in use]
sys_logger--2018-12-29 00:27:40,653:INFO 	[system halt]
sys_logger--2018-12-29 00:27:41,857:INFO 	[system start]
sys_logger--2018-12-29 00:27:41,868:ERROR 	[exception error]
sys_logger--2018-12-29 00:27:41,868:ERROR 	[[Errno 98] Address already in use]
sys_logger--2018-12-29 00:27:41,868:INFO 	[system halt]
sys_logger--2018-12-29 00:27:50,992:INFO 	[system start]
sys_logger--2018-12-29 00:27:51,003:ERROR 	[exception error]
sys_logger--2018-12-29 00:27:51,003:ERROR 	[[Errno 98] Address already in use]
sys_logger--2018-12-29 00:27:51,003:INFO 	[system halt]
sys_logger--2018-12-29 00:28:33,394:INFO 	[system start]
sys_logger--2018-12-29 00:28:33,666:INFO 	[system start]
sys_logger--2018-12-29 00:43:52,961:INFO 	[system halt]
sys_logger--2018-12-29 00:43:53,317:INFO 	[system start]
sys_logger--2018-12-29 00:45:48,358:INFO 	[system halt]
sys_logger--2018-12-29 00:45:48,729:INFO 	[system start]
sys_logger--2018-12-29 00:48:20,150:INFO 	[system halt]
sys_logger--2018-12-29 00:48:20,518:INFO 	[system start]
sys_logger--2018-12-29 00:57:40,298:INFO 	[system halt]
sys_logger--2018-12-29 00:57:40,659:INFO 	[system start]
sys_logger--2018-12-29 00:57:41,687:INFO 	[system halt]
sys_logger--2018-12-29 00:57:42,036:INFO 	[system start]
sys_logger--2018-12-29 00:57:43,062:INFO 	[system halt]
sys_logger--2018-12-29 00:57:43,452:INFO 	[system start]
sys_logger--2018-12-29 00:57:49,486:INFO 	[niama registered as new bus, busdriver=cibaibus status as 1]
sys_logger--2018-12-29 00:59:14,910:INFO 	[system halt]
sys_logger--2018-12-29 00:59:15,303:INFO 	[system start]
sys_logger--2018-12-29 00:59:42,781:INFO 	[system halt]
sys_logger--2018-12-29 00:59:43,136:INFO 	[system start]
sys_logger--2018-12-29 00:59:44,177:INFO 	[system halt]
sys_logger--2018-12-29 00:59:44,557:INFO 	[system start]
sys_logger--2018-12-29 01:00:14,097:INFO 	[system halt]
sys_logger--2018-12-29 01:00:14,471:INFO 	[system start]
sys_logger--2018-12-29 01:03:15,746:INFO 	[system halt]
sys_logger--2018-12-29 01:03:16,088:INFO 	[system start]
sys_logger--2018-12-29 01:09:55,260:INFO 	[system halt]
sys_logger--2018-12-29 01:09:55,613:INFO 	[system start]
sys_logger--2018-12-29 01:10:24,053:INFO 	[system halt]
sys_logger--2018-12-29 01:10:24,454:INFO 	[system start]
sys_logger--2018-12-29 01:11:13,217:INFO 	[system halt]
sys_logger--2018-12-29 01:11:13,614:INFO 	[system start]
sys_logger--2018-12-29 01:15:46,929:INFO 	[system halt]
sys_logger--2018-12-29 01:15:47,269:INFO 	[system start]
sys_logger--2018-12-29 01:16:08,327:INFO 	[1 deleted from the system]
sys_logger--2018-12-29 01:16:20,926:INFO 	[admin deleted from the system]
sys_logger--2018-12-29 01:17:54,735:INFO 	[system start]
sys_logger--2018-12-29 01:17:55,007:INFO 	[system start]
sys_logger--2018-12-29 01:23:17,671:WARNING 	[admin registered under admintools/nologin ! admin=1]
sys_logger--2018-12-29 01:27:21,821:INFO 	[system halt]
sys_logger--2018-12-29 01:27:22,165:INFO 	[system start]
