user_logger--2018-12-12 23:06:32,863:INFO 	[admin logged onto the system]
user_logger--2018-12-12 23:06:52,117:INFO 	[admin logged out the system]
user_logger--2018-12-12 23:06:57,130:INFO 	[ting logged onto the system]
user_logger--2018-12-12 23:06:58,416:INFO 	[ting logged out the system]
user_logger--2018-12-18 12:57:23,696:INFO 	[admin logged onto the system]
user_logger--2018-12-18 13:13:25,605:INFO 	[admin logged out the system]
user_logger--2018-12-18 13:13:29,218:INFO 	[admin logged onto the system]
user_logger--2018-12-18 13:16:22,563:INFO 	[admin logged out the system]
user_logger--2018-12-18 13:16:29,400:INFO 	[admin logged onto the system]
user_logger--2018-12-18 13:16:35,063:INFO 	[admin logged out the system]
<<<<<<< HEAD
user_logger--2018-12-23 15:18:05,828:INFO 	[admin logged onto the system]
user_logger--2018-12-24 23:20:57,208:INFO 	[admin logged onto the system]
user_logger--2018-12-25 17:12:15,777:INFO 	[admin logged onto the system]
user_logger--2018-12-28 23:45:54,107:INFO 	[admin logged onto the system]
user_logger--2018-12-29 00:22:10,151:INFO 	[admin logged onto the system]
user_logger--2018-12-29 00:29:03,230:INFO 	[admin logged onto the system]
user_logger--2018-12-29 01:23:29,809:INFO 	[admin logged onto the system]
=======
user_logger--2018-12-22 16:06:42,677:INFO 	[admin logged onto the system]
user_logger--2018-12-22 16:50:22,743:INFO 	[admin logged onto the system]
user_logger--2018-12-22 18:29:57,787:INFO 	[admin logged onto the system]
user_logger--2018-12-22 18:33:56,606:INFO 	[admin logged onto the system]
user_logger--2018-12-22 18:37:10,543:INFO 	[admin logged onto the system]
user_logger--2018-12-22 18:45:11,006:INFO 	[admin logged onto the system]
user_logger--2018-12-23 14:49:42,565:INFO 	[admin logged onto the system]
user_logger--2018-12-23 15:06:13,331:INFO 	[admin logged onto the system]
user_logger--2018-12-23 18:15:14,267:INFO 	[admin logged onto the system]
user_logger--2018-12-23 18:29:55,231:INFO 	[admin logged onto the system]
user_logger--2018-12-23 18:36:54,715:INFO 	[admin logged onto the system]
user_logger--2018-12-24 17:03:26,298:INFO 	[admin logged onto the system]
user_logger--2018-12-24 17:09:09,133:INFO 	[admin logged onto the system]
user_logger--2018-12-24 17:20:37,639:INFO 	[admin logged onto the system]
user_logger--2018-12-24 17:26:41,712:INFO 	[admin logged onto the system]
user_logger--2018-12-24 17:28:31,698:INFO 	[admin logged onto the system]
user_logger--2018-12-29 13:28:52,797:INFO 	[admin logged onto the system]
user_logger--2018-12-29 13:29:28,193:INFO 	[admin logged out the system]
user_logger--2018-12-29 13:29:36,941:INFO 	[ting logged onto the system]
user_logger--2018-12-29 13:30:05,513:INFO 	[ting logged out the system]
user_logger--2018-12-29 13:34:50,762:INFO 	[admin logged onto the system]
user_logger--2018-12-29 14:28:13,800:INFO 	[admin logged onto the system]
user_logger--2018-12-29 14:31:55,542:INFO 	[admin logged onto the system]
user_logger--2018-12-29 15:04:51,774:INFO 	[admin logged onto the system]
<<<<<<< HEAD
user_logger--2018-12-29 16:54:03,134:INFO 	[admin logged onto the system]
=======
>>>>>>> ebd74eb02f27f2bdfd02d3c49f43b5bfd7e7973d
>>>>>>> 1d110d538b9761dd601319b2ecc71e55101489af
